<?xml version="1.0" encoding="UTF-8"?>
<robot generator="Robot 3.1.2 (Python 3.7.4 on win32)" generated="20191105 11:41:02.065" rpa="false">
<suite id="s1" name="addUser" source="C:\AppServ\www\react-washing-machine\robot_test\addUser.robot">
<test id="s1-t1" name="1.OpenChromeBrowser">
<kw name="Open Browser" library="Selenium2Library">
<doc>Opens a new browser instance to the given ``url``.</doc>
<arguments>
<arg>${SERVER}</arg>
<arg>${Browser}</arg>
</arguments>
<msg timestamp="20191105 11:41:02.461" level="INFO">Opening browser 'chrome' to base url 'http://10.1.11.52:3000/#/'.</msg>
<status status="PASS" starttime="20191105 11:41:02.461" endtime="20191105 11:41:10.066"></status>
</kw>
<kw name="Maximize Browser Window" library="Selenium2Library">
<doc>Maximizes current browser window.</doc>
<status status="PASS" starttime="20191105 11:41:10.066" endtime="20191105 11:41:14.208"></status>
</kw>
<kw name="Set Selenium Speed" library="Selenium2Library">
<doc>Sets the delay that is waited after each Selenium command.</doc>
<arguments>
<arg>0.2</arg>
</arguments>
<status status="PASS" starttime="20191105 11:41:14.212" endtime="20191105 11:41:14.212"></status>
</kw>
<status status="PASS" starttime="20191105 11:41:02.461" endtime="20191105 11:41:14.212" critical="yes"></status>
</test>
<test id="s1-t2" name="2.InputLogin">
<kw name="Title Should Be" library="Selenium2Library">
<doc>Verifies that the current page title equals ``title``.</doc>
<arguments>
<arg>IOT WASHING MACHINE</arg>
</arguments>
<kw name="Capture Page Screenshot" library="Selenium2Library">
<doc>Takes a screenshot of the current page and embeds it into a log file.</doc>
<msg timestamp="20191105 11:41:15.016" level="INFO" html="yes">&lt;/td&gt;&lt;/tr&gt;&lt;tr&gt;&lt;td colspan="3"&gt;&lt;a href="selenium-screenshot-25.png"&gt;&lt;img src="selenium-screenshot-25.png" width="800px"&gt;&lt;/a&gt;</msg>
<status status="PASS" starttime="20191105 11:41:14.424" endtime="20191105 11:41:15.016"></status>
</kw>
<msg timestamp="20191105 11:41:15.020" level="FAIL">Title should have been 'IOT WASHING MACHINE' but was '10.1.11.52'.</msg>
<status status="FAIL" starttime="20191105 11:41:14.212" endtime="20191105 11:41:15.020"></status>
</kw>
<status status="FAIL" starttime="20191105 11:41:14.212" endtime="20191105 11:41:15.020" critical="yes">Title should have been 'IOT WASHING MACHINE' but was '10.1.11.52'.</status>
</test>
<test id="s1-t3" name="3.GotoInsertUser">
<kw name="GotoMyUser">
<kw name="Go To" library="Selenium2Library">
<doc>Navigates the current browser window to the provided ``url``.</doc>
<arguments>
<arg>${GotoMyUserManagement}</arg>
</arguments>
<msg timestamp="20191105 11:41:15.024" level="INFO">Opening url 'http://10.1.11.52:3000/#/user'</msg>
<status status="PASS" starttime="20191105 11:41:15.024" endtime="20191105 11:41:17.320"></status>
</kw>
<kw name="Go To" library="Selenium2Library">
<doc>Navigates the current browser window to the provided ``url``.</doc>
<arguments>
<arg>${GotoMyInsertUser}</arg>
</arguments>
<msg timestamp="20191105 11:41:17.320" level="INFO">Opening url 'http://10.1.11.52:3000/#/user/insert'</msg>
<status status="PASS" starttime="20191105 11:41:17.320" endtime="20191105 11:41:19.653"></status>
</kw>
<status status="PASS" starttime="20191105 11:41:15.024" endtime="20191105 11:41:19.653"></status>
</kw>
<status status="PASS" starttime="20191105 11:41:15.020" endtime="20191105 11:41:19.653" critical="yes"></status>
</test>
<test id="s1-t4" name="4.FormInsertUser">
<kw name="FormUser">
<arguments>
<arg>ทดสอบ</arg>
<arg>โรบอท</arg>
<arg>085658774</arg>
<arg>testUser@11.com</arg>
<arg>usertest</arg>
<arg>123456</arg>
<arg>BKK</arg>
<arg>C:\\Users\\Acer\\Downloads\\69545076_380077642674710_6287321643006033920_n.jpg</arg>
</arguments>
<kw name="Select From List By Label" library="Selenium2Library">
<doc>Selects options from selection list ``locator`` by ``labels``.</doc>
<arguments>
<arg>xpath=//select[@name="user_prefix"]</arg>
<arg>นางสาว</arg>
</arguments>
<msg timestamp="20191105 11:41:19.661" level="INFO">Selecting options from selection list 'xpath=//select[@name="user_prefix"]' by label นางสาว.</msg>
<kw name="Capture Page Screenshot" library="Selenium2Library">
<doc>Takes a screenshot of the current page and embeds it into a log file.</doc>
<msg timestamp="20191105 11:41:20.528" level="INFO" html="yes">&lt;/td&gt;&lt;/tr&gt;&lt;tr&gt;&lt;td colspan="3"&gt;&lt;a href="selenium-screenshot-26.png"&gt;&lt;img src="selenium-screenshot-26.png" width="800px"&gt;&lt;/a&gt;</msg>
<status status="PASS" starttime="20191105 11:41:19.890" endtime="20191105 11:41:20.532"></status>
</kw>
<msg timestamp="20191105 11:41:20.540" level="FAIL">List with locator 'xpath=//select[@name="user_prefix"]' not found.</msg>
<status status="FAIL" starttime="20191105 11:41:19.657" endtime="20191105 11:41:20.540"></status>
</kw>
<status status="FAIL" starttime="20191105 11:41:19.657" endtime="20191105 11:41:20.540"></status>
</kw>
<status status="FAIL" starttime="20191105 11:41:19.657" endtime="20191105 11:41:20.540" critical="yes">List with locator 'xpath=//select[@name="user_prefix"]' not found.</status>
</test>
<status status="FAIL" starttime="20191105 11:41:02.069" endtime="20191105 11:41:20.548"></status>
</suite>
<statistics>
<total>
<stat pass="2" fail="2">Critical Tests</stat>
<stat pass="2" fail="2">All Tests</stat>
</total>
<tag>
</tag>
<suite>
<stat pass="2" fail="2" id="s1" name="addUser">addUser</stat>
</suite>
</statistics>
<errors>
</errors>
</robot>
